<?xml version="1.0" encoding="UTF-8"?>
<!-- Generated by org.testng.reporters.JUnitReportReporter -->
<testsuite hostname="PC333975" name="com.mop.qa.test.bvt.Test_NBC_PC" tests="1" failures="0" timestamp="18 Dec 2018 12:42:36 GMT" time="94.823" errors="0">
  <testcase name="VideoAuto_PC" time="94.823" classname="com.mop.qa.test.bvt.Test_NBC_PC"/>
</testsuite> <!-- com.mop.qa.test.bvt.Test_NBC_PC -->
