<?xml version="1.0" encoding="UTF-8"?>
<!-- Generated by org.testng.reporters.JUnitReportReporter -->
<testsuite hostname="PC333975" name="com.mop.qa.test.bvt.Test_CNN_Mobile" tests="1" failures="0" timestamp="9 Nov 2018 07:12:17 GMT" time="23.139" errors="0">
  <testcase name="VideoAuto_Mobile" time="23.139" classname="com.mop.qa.test.bvt.Test_CNN_Mobile"/>
</testsuite> <!-- com.mop.qa.test.bvt.Test_CNN_Mobile -->
