<?xml version="1.0" encoding="UTF-8"?>
<!-- Generated by org.testng.reporters.JUnitReportReporter -->
<testsuite hostname="IMEs-Mac-mini.local" name="com.mop.qa.test.bvt.Test_NBC" tests="2" failures="0" timestamp="14 Sep 2017 22:23:55 GMT" time="139.662" errors="0">
  <testcase name="testNBC" time="17.312" classname="com.mop.qa.test.bvt.Test_NBC"/>
  <testcase name="testNBC" time="122.350" classname="com.mop.qa.test.bvt.Test_NBC"/>
</testsuite> <!-- com.mop.qa.test.bvt.Test_NBC -->
