<?xml version="1.0" encoding="UTF-8"?>
<!-- Generated by org.testng.reporters.JUnitReportReporter -->
<testsuite hostname="PC418467" name="com.mop.qa.test.bvt.TestNbcPC" tests="1" failures="0" timestamp="23 Apr 2019 11:21:07 GMT" time="74.004" errors="0">
  <testcase name="videoAutoPC" time="74.004" classname="com.mop.qa.test.bvt.TestNbcPC"/>
</testsuite> <!-- com.mop.qa.test.bvt.TestNbcPC -->
