<?xml version="1.0" encoding="UTF-8"?>
<!-- Generated by org.testng.reporters.JUnitReportReporter -->
<testsuite hostname="PC333975" name="com.mop.qa.test.bvt.Test_API_Handson" tests="1" failures="0" timestamp="20 Dec 2018 13:33:11 GMT" time="27.521" errors="0">
  <testcase name="SampleAPI" time="27.521" classname="com.mop.qa.test.bvt.Test_API_Handson"/>
</testsuite> <!-- com.mop.qa.test.bvt.Test_API_Handson -->
