<?xml version="1.0" encoding="UTF-8"?>
<!-- Generated by org.testng.reporters.JUnitReportReporter -->
<testsuite hostname="PC287526" name="com.mop.qa.test.bvt.Test_WileyECID" tests="1" failures="0" timestamp="9 Aug 2017 09:38:38 GMT" time="82.185" errors="0">
  <testcase name="testWileyAccountPage" time="82.185" classname="com.mop.qa.test.bvt.Test_WileyECID"/>
</testsuite> <!-- com.mop.qa.test.bvt.Test_WileyECID -->
