<?xml version="1.0" encoding="UTF-8"?>
<!-- Generated by org.testng.reporters.JUnitReportReporter -->
<testsuite hostname="PC418467" name="com.mop.qa.test.bvt.TestMadisonCart" tests="1" failures="0" timestamp="24 Apr 2019 05:53:00 GMT" time="33.154" errors="0">
  <testcase name="TestMadisonCart" time="33.154" classname="com.mop.qa.test.bvt.TestMadisonCart"/>
</testsuite> <!-- com.mop.qa.test.bvt.TestMadisonCart -->
