<?xml version="1.0" encoding="UTF-8"?>
<!-- Generated by org.testng.reporters.JUnitReportReporter -->
<testsuite hostname="PC399398" name="com.mop.qa.testrunner.TestRunner" tests="1" failures="0" timestamp="9 Aug 2019 12:40:29 GMT" time="56.998" errors="0">
  <testcase name="testRun" time="56.998" classname="com.mop.qa.testrunner.TestRunner"/>
</testsuite> <!-- com.mop.qa.testrunner.TestRunner -->
