<?xml version="1.0" encoding="UTF-8"?>
<!-- Generated by org.testng.reporters.JUnitReportReporter -->
<testsuite hostname="PC333975" name="com.mop.qa.test.bvt.Test_CNN_PC" tests="1" failures="0" timestamp="15 Nov 2018 09:36:27 GMT" time="63.376" errors="0">
  <testcase name="VideoAuto_PC" time="63.376" classname="com.mop.qa.test.bvt.Test_CNN_PC"/>
</testsuite> <!-- com.mop.qa.test.bvt.Test_CNN_PC -->
