<?xml version="1.0" encoding="UTF-8"?>
<!-- Generated by org.testng.reporters.JUnitReportReporter -->
<testsuite hostname="PC150742" name="com.mop.qa.test.bvt.CnnGo_App_Desktop2" tests="1" failures="0" timestamp="3 Oct 2017 11:46:57 GMT" time="193.873" errors="0">
  <testcase name="VideoAuto1" time="193.873" classname="com.mop.qa.test.bvt.CnnGo_App_Desktop2"/>
</testsuite> <!-- com.mop.qa.test.bvt.CnnGo_App_Desktop2 -->
