<?xml version="1.0" encoding="UTF-8"?>
<!-- Generated by org.testng.reporters.JUnitReportReporter -->
<testsuite hostname="PC333975" name="com.mop.qa.test.bvt.Test_BookStore_Valid" tests="1" failures="0" timestamp="16 Nov 2018 10:40:08 GMT" time="64.819" errors="0">
  <testcase name="VideoAuto_PC" time="64.819" classname="com.mop.qa.test.bvt.Test_BookStore_Valid"/>
</testsuite> <!-- com.mop.qa.test.bvt.Test_BookStore_Valid -->
