<?xml version="1.0" encoding="UTF-8"?>
<!-- Generated by org.testng.reporters.JUnitReportReporter -->
<testsuite hostname="PC333975" name="restAPI.Post_Example" tests="1" failures="0" timestamp="27 Nov 2018 13:38:27 GMT" time="2.884" errors="0">
  <testcase name="test1" time="2.884" classname="restAPI.Post_Example"/>
</testsuite> <!-- restAPI.Post_Example -->
