<?xml version="1.0" encoding="UTF-8"?>
<!-- Generated by org.testng.reporters.JUnitReportReporter -->
<testsuite hostname="PC333975" name="com.mop.qa.test.bvt.Test_Youtube" tests="1" failures="0" timestamp="16 Nov 2018 05:10:15 GMT" time="41.151" errors="0">
  <testcase name="searchVideo" time="41.151" classname="com.mop.qa.test.bvt.Test_Youtube"/>
</testsuite> <!-- com.mop.qa.test.bvt.Test_Youtube -->
