<?xml version="1.0" encoding="UTF-8"?>
<!-- Generated by org.testng.reporters.JUnitReportReporter -->
<testsuite hostname="PC399398" name="com.mop.qa.testrunner.TestRunner" tests="1" failures="0" timestamp="5 Aug 2019 05:21:18 GMT" time="599.541" errors="0">
  <testcase name="testRun" time="599.541" classname="com.mop.qa.testrunner.TestRunner"/>
</testsuite> <!-- com.mop.qa.testrunner.TestRunner -->
