<?xml version="1.0" encoding="UTF-8"?>
<!-- Generated by org.testng.reporters.JUnitReportReporter -->
<testsuite hostname="PC333975" name="com.mop.qa.test.bvt.TestApiHandson" tests="1" failures="0" timestamp="30 Jan 2019 12:45:28 GMT" time="17.396" errors="0">
  <testcase name="sampleAPI" time="17.396" classname="com.mop.qa.test.bvt.TestApiHandson"/>
</testsuite> <!-- com.mop.qa.test.bvt.TestApiHandson -->
