<?xml version="1.0" encoding="UTF-8"?>
<!-- Generated by org.testng.reporters.JUnitReportReporter -->
<testsuite hostname="PC281570" name="STBT_Roku.TestRun" tests="1" failures="0" timestamp="25 May 2018 05:31:13 GMT" time="1.267" errors="0">
  <testcase name="run" time="1.267" classname="STBT_Roku.TestRun"/>
</testsuite> <!-- STBT_Roku.TestRun -->
