<?xml version="1.0" encoding="UTF-8"?>
<!-- Generated by org.testng.reporters.JUnitReportReporter -->
<testsuite hostname="IMEs-Mac-mini.local" name="com.mop.qa.test.bvt.Test_UniversalOrlando" tests="2" failures="0" timestamp="14 Sep 2017 22:19:17 GMT" time="117.837" errors="0">
  <testcase name="testUniversalOrlando" time="28.685" classname="com.mop.qa.test.bvt.Test_UniversalOrlando"/>
  <testcase name="testUniversalOrlando" time="89.152" classname="com.mop.qa.test.bvt.Test_UniversalOrlando"/>
</testsuite> <!-- com.mop.qa.test.bvt.Test_UniversalOrlando -->
