<?xml version="1.0" encoding="UTF-8"?>
<!-- Generated by org.testng.reporters.JUnitReportReporter -->
<testsuite skipped="0" hostname="PC333975" name="com.mop.qa.test.bvt.TEST_5362_RoundtripVerification" tests="1" failures="0" timestamp="29 Aug 2018 06:28:35 GMT" time="13.171" errors="0">
  <testcase name="Roundtrip" time="13.171" classname="com.mop.qa.test.bvt.TEST_5362_RoundtripVerification"/>
</testsuite> <!-- com.mop.qa.test.bvt.TEST_5362_RoundtripVerification -->
