<?xml version="1.0" encoding="UTF-8"?>
<!-- Generated by org.testng.reporters.JUnitReportReporter -->
<testsuite hostname="PC418467" name="com.mop.qa.testrunner.TestRunner" tests="1" failures="0" timestamp="24 Apr 2019 05:53:00 GMT" time="45.747" errors="0">
  <testcase name="testRun" time="45.747" classname="com.mop.qa.testrunner.TestRunner"/>
</testsuite> <!-- com.mop.qa.testrunner.TestRunner -->
