<?xml version="1.0" encoding="UTF-8"?>
<!-- Generated by org.testng.reporters.JUnitReportReporter -->
<testsuite skipped="0" hostname="PC333975" name="com.mop.qa.test.bvt.ScreenshootGoogle" tests="1" failures="0" timestamp="27 Aug 2018 11:14:55 GMT" time="11.293" errors="0">
  <testcase name="TestJavaS1" time="11.293" classname="com.mop.qa.test.bvt.ScreenshootGoogle"/>
</testsuite> <!-- com.mop.qa.test.bvt.ScreenshootGoogle -->
