<?xml version="1.0" encoding="UTF-8"?>
<!-- Generated by org.testng.reporters.JUnitReportReporter -->
<testsuite hostname="PC281570" name="com.mop.qa.test.bvt.Test_BMP" tests="1" failures="0" timestamp="14 May 2018 12:14:50 GMT" time="12.478" errors="0">
  <testcase name="Test_BMP" time="12.478" classname="com.mop.qa.test.bvt.Test_BMP"/>
</testsuite> <!-- com.mop.qa.test.bvt.Test_BMP -->
