<?xml version="1.0" encoding="UTF-8"?>
<!-- Generated by org.testng.reporters.JUnitReportReporter -->
<testsuite hostname="PC333975" name="com.mop.qa.test.bvt.Test_HDFCRechus" tests="1" failures="0" timestamp="16 Jan 2019 12:02:33 GMT" time="90.084" errors="0">
  <testcase name="sample" time="90.084" classname="com.mop.qa.test.bvt.Test_HDFCRechus"/>
</testsuite> <!-- com.mop.qa.test.bvt.Test_HDFCRechus -->
