<?xml version="1.0" encoding="UTF-8"?>
<!-- Generated by org.testng.reporters.JUnitReportReporter -->
<testsuite hostname="PC281570" name="com.mop.qa.test.bvt.Test_Xfinity_Web" tests="1" failures="0" timestamp="11 May 2018 05:06:59 GMT" time="20.611" errors="0">
  <testcase name="VideoAuto_PC" time="20.611" classname="com.mop.qa.test.bvt.Test_Xfinity_Web"/>
</testsuite> <!-- com.mop.qa.test.bvt.Test_Xfinity_Web -->
