<?xml version="1.0" encoding="UTF-8"?>
<!-- Generated by org.testng.reporters.JUnitReportReporter -->
<testsuite hostname="PC333975" name="com.mop.qa.test.bvt.SimpleGetTest" tests="1" failures="0" timestamp="31 Aug 2018 13:25:14 GMT" time="2.942" errors="0">
  <testcase name="GetWeatherDetails" time="2.942" classname="com.mop.qa.test.bvt.SimpleGetTest"/>
</testsuite> <!-- com.mop.qa.test.bvt.SimpleGetTest -->
