<?xml version="1.0" encoding="UTF-8"?>
<!-- Generated by org.testng.reporters.JUnitReportReporter -->
<testsuite hostname="PC333975" name="com.mop.qa.test.bvt.Test_Cognizant" tests="1" failures="0" timestamp="18 Dec 2018 12:29:23 GMT" time="5.438" errors="0">
  <testcase name="testCognizant" time="5.438" classname="com.mop.qa.test.bvt.Test_Cognizant"/>
</testsuite> <!-- com.mop.qa.test.bvt.Test_Cognizant -->
